<?xml version="1.0" encoding="UTF-8"?>
<!-- Generated by org.testng.reporters.JUnitReportReporter -->
<testsuite hostname="Srinivasulu" failures="0" tests="3" name="com.gurubank.qa.testcases.HomePageTest" time="17.148" errors="0" timestamp="2022-04-18T19:57:43 IST" skipped="0">
  <testcase classname="com.gurubank.qa.testcases.HomePageTest" name="validateTitle" time="5.491"/>
  <system-out/>
  <testcase classname="com.gurubank.qa.testcases.HomePageTest" name="validateLogo" time="5.268"/>
  <system-out/>
  <testcase classname="com.gurubank.qa.testcases.HomePageTest" name="clickDeleteCustomerBtn" time="6.389"/>
  <system-out/>
</testsuite> <!-- com.gurubank.qa.testcases.HomePageTest -->
