<?xml version="1.0" encoding="UTF-8"?>
<!-- Generated by org.testng.reporters.JUnitReportReporter -->
<testsuite hostname="Srinivasulu" failures="0" tests="2" name="com.gurubank.qa.testcases.DeleteCustomerTest" time="13.526" errors="0" timestamp="2022-04-18T19:57:43 IST" skipped="0">
  <testcase classname="com.gurubank.qa.testcases.DeleteCustomerTest" name="validateTitle" time="6.436"/>
  <system-out/>
  <testcase classname="com.gurubank.qa.testcases.DeleteCustomerTest" name="deleteCustomer" time="7.090"/>
  <system-out/>
</testsuite> <!-- com.gurubank.qa.testcases.DeleteCustomerTest -->
