<?xml version="1.0" encoding="UTF-8"?>
<!-- Generated by org.testng.reporters.JUnitReportReporter -->
<testsuite hostname="Srinivasulu" failures="0" tests="3" name="com.gurubank.qa.testcases.LoginPageTest" time="14.016" errors="0" timestamp="2022-04-18T19:57:43 IST" skipped="0">
  <testcase classname="com.gurubank.qa.testcases.LoginPageTest" name="validateTitle" time="3.635"/>
  <system-out/>
  <testcase classname="com.gurubank.qa.testcases.LoginPageTest" name="validateLogo" time="4.711"/>
  <system-out/>
  <testcase classname="com.gurubank.qa.testcases.LoginPageTest" name="loginToApp" time="5.670"/>
  <system-out/>
</testsuite> <!-- com.gurubank.qa.testcases.LoginPageTest -->
